[ 2019-03-31T01:30:10+08:00 ] 127.0.0.1 /Caiji.Xitong.xtssc.name.dfssc
INFO: [ app_init ] --START--
INFO: Run Behavior\BuildLiteBehavior [ RunTime:0.000000s ]
INFO: [ app_init ] --END-- [ RunTime:0.001000s ]
INFO: [ app_begin ] --START--
INFO: Run Behavior\ReadHtmlCacheBehavior [ RunTime:0.001000s ]
INFO: Run Behavior\CheckLangBehavior [ RunTime:0.000000s ]
INFO: [ app_begin ] --END-- [ RunTime:0.001000s ]

[ 2019-03-31T01:30:10+08:00 ] 127.0.0.1 /Caiji.Xitong.xtk3.name.f1k3
INFO: [ app_init ] --START--
INFO: Run Behavior\BuildLiteBehavior [ RunTime:0.001000s ]
INFO: [ app_init ] --END-- [ RunTime:0.001000s ]
INFO: [ app_begin ] --START--
INFO: Run Behavior\ReadHtmlCacheBehavior [ RunTime:0.001000s ]
INFO: Run Behavior\CheckLangBehavior [ RunTime:0.001000s ]
INFO: [ app_begin ] --END-- [ RunTime:0.002000s ]
NOTIC: [8] Undefined variable: cjnowtime E:\SSC\kj\app\Caiji\Controller\XitongController.class.php 第 209 行.

[ 2019-03-31T01:30:10+08:00 ] 127.0.0.1 /Caiji.Xitong.xtk3.name.f5k3
INFO: [ app_init ] --START--
INFO: Run Behavior\BuildLiteBehavior [ RunTime:0.000000s ]
INFO: [ app_init ] --END-- [ RunTime:0.001000s ]
INFO: [ app_begin ] --START--
INFO: Run Behavior\ReadHtmlCacheBehavior [ RunTime:0.001000s ]
INFO: Run Behavior\CheckLangBehavior [ RunTime:0.000000s ]
INFO: [ app_begin ] --END-- [ RunTime:0.001000s ]
NOTIC: [8] Undefined variable: cjnowtime E:\SSC\kj\app\Caiji\Controller\XitongController.class.php 第 209 行.

[ 2019-03-31T01:30:15+08:00 ] 127.0.0.1 /Caiji.Xitong.xt11x5.name.df11x5
INFO: [ app_init ] --START--
INFO: Run Behavior\BuildLiteBehavior [ RunTime:0.000000s ]
INFO: [ app_init ] --END-- [ RunTime:0.001000s ]
INFO: [ app_begin ] --START--
INFO: Run Behavior\ReadHtmlCacheBehavior [ RunTime:0.001000s ]
INFO: Run Behavior\CheckLangBehavior [ RunTime:0.000000s ]
INFO: [ app_begin ] --END-- [ RunTime:0.001000s ]
NOTIC: [8] Undefined variable: jj E:\SSC\kj\app\Caiji\Controller\XitongController.class.php 第 383 行.
NOTIC: [8] Undefined variable: jj E:\SSC\kj\app\Caiji\Controller\XitongController.class.php 第 384 行.

[ 2019-03-31T01:30:15+08:00 ] 127.0.0.1 /Caiji.Xitong.xt3d.name.df3d
INFO: [ app_init ] --START--
INFO: Run Behavior\BuildLiteBehavior [ RunTime:0.000000s ]
INFO: [ app_init ] --END-- [ RunTime:0.000000s ]
INFO: [ app_begin ] --START--
INFO: Run Behavior\ReadHtmlCacheBehavior [ RunTime:0.001000s ]
INFO: Run Behavior\CheckLangBehavior [ RunTime:0.000000s ]
INFO: [ app_begin ] --END-- [ RunTime:0.001000s ]
NOTIC: [8] Undefined variable: jj E:\SSC\kj\app\Caiji\Controller\XitongController.class.php 第 300 行.
NOTIC: [8] Undefined variable: jj E:\SSC\kj\app\Caiji\Controller\XitongController.class.php 第 301 行.

[ 2019-03-31T01:30:15+08:00 ] 127.0.0.1 /Caiji.Xitong.xtkeno.name.dfkeno
INFO: [ app_init ] --START--
INFO: Run Behavior\BuildLiteBehavior [ RunTime:0.000000s ]
INFO: [ app_init ] --END-- [ RunTime:0.001000s ]
INFO: [ app_begin ] --START--
INFO: Run Behavior\ReadHtmlCacheBehavior [ RunTime:0.001000s ]
INFO: Run Behavior\CheckLangBehavior [ RunTime:0.000000s ]
INFO: [ app_begin ] --END-- [ RunTime:0.002000s ]
NOTIC: [8] Undefined variable: jj E:\SSC\kj\app\Caiji\Controller\XitongController.class.php 第 660 行.
NOTIC: [8] Undefined variable: jj E:\SSC\kj\app\Caiji\Controller\XitongController.class.php 第 661 行.

[ 2019-03-31T01:30:16+08:00 ] 127.0.0.1 /Caiji.Xitong.dflhc.name.dflhc
INFO: [ app_init ] --START--
INFO: Run Behavior\BuildLiteBehavior [ RunTime:0.000000s ]
INFO: [ app_init ] --END-- [ RunTime:0.001000s ]
INFO: [ app_begin ] --START--
INFO: Run Behavior\ReadHtmlCacheBehavior [ RunTime:0.001000s ]
INFO: Run Behavior\CheckLangBehavior [ RunTime:0.001000s ]
INFO: [ app_begin ] --END-- [ RunTime:0.002000s ]
NOTIC: [8] Undefined variable: cjnowtime E:\SSC\kj\app\Caiji\Controller\XitongController.class.php 第 558 行.

[ 2019-03-31T01:30:16+08:00 ] 127.0.0.1 /Caiji.Xitong.xtpk10.name.dfpk10
INFO: [ app_init ] --START--
INFO: Run Behavior\BuildLiteBehavior [ RunTime:0.000000s ]
INFO: [ app_init ] --END-- [ RunTime:0.001000s ]
INFO: [ app_begin ] --START--
INFO: Run Behavior\ReadHtmlCacheBehavior [ RunTime:0.001000s ]
INFO: Run Behavior\CheckLangBehavior [ RunTime:0.001000s ]
INFO: [ app_begin ] --END-- [ RunTime:0.002000s ]
NOTIC: [8] Undefined variable: cjnowtime E:\SSC\kj\app\Caiji\Controller\XitongController.class.php 第 458 行.

[ 2019-03-31T01:30:16+08:00 ] 127.0.0.1 /Caiji.Xitong.xtssc.name.dfssc
INFO: [ app_init ] --START--
INFO: Run Behavior\BuildLiteBehavior [ RunTime:0.000000s ]
INFO: [ app_init ] --END-- [ RunTime:0.001000s ]
INFO: [ app_begin ] --START--
INFO: Run Behavior\ReadHtmlCacheBehavior [ RunTime:0.001000s ]
INFO: Run Behavior\CheckLangBehavior [ RunTime:0.000000s ]
INFO: [ app_begin ] --END-- [ RunTime:0.001000s ]

[ 2019-03-31T01:30:16+08:00 ] 127.0.0.1 /Caiji.Xitong.xtk3.name.f1k3
INFO: [ app_init ] --START--
INFO: Run Behavior\BuildLiteBehavior [ RunTime:0.000000s ]
INFO: [ app_init ] --END-- [ RunTime:0.001000s ]
INFO: [ app_begin ] --START--
INFO: Run Behavior\ReadHtmlCacheBehavior [ RunTime:0.001000s ]
INFO: Run Behavior\CheckLangBehavior [ RunTime:0.000000s ]
INFO: [ app_begin ] --END-- [ RunTime:0.001000s ]
NOTIC: [8] Undefined variable: cjnowtime E:\SSC\kj\app\Caiji\Controller\XitongController.class.php 第 209 行.

[ 2019-03-31T01:30:16+08:00 ] 127.0.0.1 /Caiji.Xitong.xtk3.name.f5k3
INFO: [ app_init ] --START--
INFO: Run Behavior\BuildLiteBehavior [ RunTime:0.000000s ]
INFO: [ app_init ] --END-- [ RunTime:0.001000s ]
INFO: [ app_begin ] --START--
INFO: Run Behavior\ReadHtmlCacheBehavior [ RunTime:0.001000s ]
INFO: Run Behavior\CheckLangBehavior [ RunTime:0.000000s ]
INFO: [ app_begin ] --END-- [ RunTime:0.001000s ]
NOTIC: [8] Undefined variable: cjnowtime E:\SSC\kj\app\Caiji\Controller\XitongController.class.php 第 209 行.

[ 2019-03-31T01:30:21+08:00 ] 127.0.0.1 /Caiji.Xitong.xt11x5.name.df11x5
INFO: [ app_init ] --START--
INFO: Run Behavior\BuildLiteBehavior [ RunTime:0.000000s ]
INFO: [ app_init ] --END-- [ RunTime:0.000000s ]
INFO: [ app_begin ] --START--
INFO: Run Behavior\ReadHtmlCacheBehavior [ RunTime:0.001000s ]
INFO: Run Behavior\CheckLangBehavior [ RunTime:0.001000s ]
INFO: [ app_begin ] --END-- [ RunTime:0.002000s ]
NOTIC: [8] Undefined variable: jj E:\SSC\kj\app\Caiji\Controller\XitongController.class.php 第 383 行.
NOTIC: [8] Undefined variable: jj E:\SSC\kj\app\Caiji\Controller\XitongController.class.php 第 384 行.

[ 2019-03-31T01:30:21+08:00 ] 127.0.0.1 /Caiji.Xitong.xt3d.name.df3d
INFO: [ app_init ] --START--
INFO: Run Behavior\BuildLiteBehavior [ RunTime:0.000000s ]
INFO: [ app_init ] --END-- [ RunTime:0.001000s ]
INFO: [ app_begin ] --START--
INFO: Run Behavior\ReadHtmlCacheBehavior [ RunTime:0.000000s ]
INFO: Run Behavior\CheckLangBehavior [ RunTime:0.001000s ]
INFO: [ app_begin ] --END-- [ RunTime:0.001000s ]
NOTIC: [8] Undefined variable: jj E:\SSC\kj\app\Caiji\Controller\XitongController.class.php 第 300 行.
NOTIC: [8] Undefined variable: jj E:\SSC\kj\app\Caiji\Controller\XitongController.class.php 第 301 行.

[ 2019-03-31T01:30:21+08:00 ] 127.0.0.1 /Caiji.Xitong.xtkeno.name.dfkeno
INFO: [ app_init ] --START--
INFO: Run Behavior\BuildLiteBehavior [ RunTime:0.000000s ]
INFO: [ app_init ] --END-- [ RunTime:0.000000s ]
INFO: [ app_begin ] --START--
INFO: Run Behavior\ReadHtmlCacheBehavior [ RunTime:0.000000s ]
INFO: Run Behavior\CheckLangBehavior [ RunTime:0.001000s ]
INFO: [ app_begin ] --END-- [ RunTime:0.001000s ]
NOTIC: [8] Undefined variable: jj E:\SSC\kj\app\Caiji\Controller\XitongController.class.php 第 660 行.
NOTIC: [8] Undefined variable: jj E:\SSC\kj\app\Caiji\Controller\XitongController.class.php 第 661 行.

[ 2019-03-31T01:30:21+08:00 ] 127.0.0.1 /Caiji.Xitong.dflhc.name.dflhc
INFO: [ app_init ] --START--
INFO: Run Behavior\BuildLiteBehavior [ RunTime:0.000000s ]
INFO: [ app_init ] --END-- [ RunTime:0.001000s ]
INFO: [ app_begin ] --START--
INFO: Run Behavior\ReadHtmlCacheBehavior [ RunTime:0.000000s ]
INFO: Run Behavior\CheckLangBehavior [ RunTime:0.001000s ]
INFO: [ app_begin ] --END-- [ RunTime:0.001000s ]
NOTIC: [8] Undefined variable: cjnowtime E:\SSC\kj\app\Caiji\Controller\XitongController.class.php 第 558 行.

[ 2019-03-31T01:30:22+08:00 ] 127.0.0.1 /Caiji.Xitong.xtpk10.name.dfpk10
INFO: [ app_init ] --START--
INFO: Run Behavior\BuildLiteBehavior [ RunTime:0.000000s ]
INFO: [ app_init ] --END-- [ RunTime:0.000000s ]
INFO: [ app_begin ] --START--
INFO: Run Behavior\ReadHtmlCacheBehavior [ RunTime:0.001000s ]
INFO: Run Behavior\CheckLangBehavior [ RunTime:0.000000s ]
INFO: [ app_begin ] --END-- [ RunTime:0.001000s ]
NOTIC: [8] Undefined variable: cjnowtime E:\SSC\kj\app\Caiji\Controller\XitongController.class.php 第 458 行.

[ 2019-03-31T01:30:22+08:00 ] 127.0.0.1 /Caiji.Xitong.xtssc.name.dfssc
INFO: [ app_init ] --START--
INFO: Run Behavior\BuildLiteBehavior [ RunTime:0.000000s ]
INFO: [ app_init ] --END-- [ RunTime:0.000000s ]
INFO: [ app_begin ] --START--
INFO: Run Behavior\ReadHtmlCacheBehavior [ RunTime:0.000000s ]
INFO: Run Behavior\CheckLangBehavior [ RunTime:0.001000s ]
INFO: [ app_begin ] --END-- [ RunTime:0.001000s ]

[ 2019-03-31T01:30:22+08:00 ] 127.0.0.1 /Caiji.Xitong.xtk3.name.f1k3
INFO: [ app_init ] --START--
INFO: Run Behavior\BuildLiteBehavior [ RunTime:0.000000s ]
INFO: [ app_init ] --END-- [ RunTime:0.000000s ]
INFO: [ app_begin ] --START--
INFO: Run Behavior\ReadHtmlCacheBehavior [ RunTime:0.000000s ]
INFO: Run Behavior\CheckLangBehavior [ RunTime:0.001000s ]
INFO: [ app_begin ] --END-- [ RunTime:0.001000s ]
NOTIC: [8] Undefined variable: cjnowtime E:\SSC\kj\app\Caiji\Controller\XitongController.class.php 第 209 行.

[ 2019-03-31T01:30:22+08:00 ] 127.0.0.1 /Caiji.Xitong.xtk3.name.f5k3
INFO: [ app_init ] --START--
INFO: Run Behavior\BuildLiteBehavior [ RunTime:0.000000s ]
INFO: [ app_init ] --END-- [ RunTime:0.000000s ]
INFO: [ app_begin ] --START--
INFO: Run Behavior\ReadHtmlCacheBehavior [ RunTime:0.001000s ]
INFO: Run Behavior\CheckLangBehavior [ RunTime:0.000000s ]
INFO: [ app_begin ] --END-- [ RunTime:0.001000s ]
NOTIC: [8] Undefined variable: cjnowtime E:\SSC\kj\app\Caiji\Controller\XitongController.class.php 第 209 行.

[ 2019-03-31T01:30:27+08:00 ] 127.0.0.1 /Caiji.Xitong.xt11x5.name.df11x5
INFO: [ app_init ] --START--
INFO: Run Behavior\BuildLiteBehavior [ RunTime:0.000000s ]
INFO: [ app_init ] --END-- [ RunTime:0.001000s ]
INFO: [ app_begin ] --START--
INFO: Run Behavior\ReadHtmlCacheBehavior [ RunTime:0.001000s ]
INFO: Run Behavior\CheckLangBehavior [ RunTime:0.001000s ]
INFO: [ app_begin ] --END-- [ RunTime:0.002000s ]
NOTIC: [8] Undefined variable: jj E:\SSC\kj\app\Caiji\Controller\XitongController.class.php 第 383 行.
NOTIC: [8] Undefined variable: jj E:\SSC\kj\app\Caiji\Controller\XitongController.class.php 第 384 行.

[ 2019-03-31T01:30:27+08:00 ] 127.0.0.1 /Caiji.Xitong.xt3d.name.df3d
INFO: [ app_init ] --START--
INFO: Run Behavior\BuildLiteBehavior [ RunTime:0.000000s ]
INFO: [ app_init ] --END-- [ RunTime:0.001000s ]
INFO: [ app_begin ] --START--
INFO: Run Behavior\ReadHtmlCacheBehavior [ RunTime:0.001000s ]
INFO: Run Behavior\CheckLangBehavior [ RunTime:0.000000s ]
INFO: [ app_begin ] --END-- [ RunTime:0.001000s ]
NOTIC: [8] Undefined variable: jj E:\SSC\kj\app\Caiji\Controller\XitongController.class.php 第 300 行.
NOTIC: [8] Undefined variable: jj E:\SSC\kj\app\Caiji\Controller\XitongController.class.php 第 301 行.

[ 2019-03-31T01:30:27+08:00 ] 127.0.0.1 /Caiji.Xitong.xtkeno.name.dfkeno
INFO: [ app_init ] --START--
INFO: Run Behavior\BuildLiteBehavior [ RunTime:0.000000s ]
INFO: [ app_init ] --END-- [ RunTime:0.000000s ]
INFO: [ app_begin ] --START--
INFO: Run Behavior\ReadHtmlCacheBehavior [ RunTime:0.001000s ]
INFO: Run Behavior\CheckLangBehavior [ RunTime:0.000000s ]
INFO: [ app_begin ] --END-- [ RunTime:0.001000s ]
NOTIC: [8] Undefined variable: jj E:\SSC\kj\app\Caiji\Controller\XitongController.class.php 第 660 行.
NOTIC: [8] Undefined variable: jj E:\SSC\kj\app\Caiji\Controller\XitongController.class.php 第 661 行.

[ 2019-03-31T01:30:27+08:00 ] 127.0.0.1 /Caiji.Xitong.dflhc.name.dflhc
INFO: [ app_init ] --START--
INFO: Run Behavior\BuildLiteBehavior [ RunTime:0.000000s ]
INFO: [ app_init ] --END-- [ RunTime:0.000000s ]
INFO: [ app_begin ] --START--
INFO: Run Behavior\ReadHtmlCacheBehavior [ RunTime:0.000000s ]
INFO: Run Behavior\CheckLangBehavior [ RunTime:0.001000s ]
INFO: [ app_begin ] --END-- [ RunTime:0.001000s ]
NOTIC: [8] Undefined variable: cjnowtime E:\SSC\kj\app\Caiji\Controller\XitongController.class.php 第 558 行.

[ 2019-03-31T01:30:27+08:00 ] 127.0.0.1 /Caiji.Xitong.xtpk10.name.dfpk10
INFO: [ app_init ] --START--
INFO: Run Behavior\BuildLiteBehavior [ RunTime:0.000000s ]
INFO: [ app_init ] --END-- [ RunTime:0.000000s ]
INFO: [ app_begin ] --START--
INFO: Run Behavior\ReadHtmlCacheBehavior [ RunTime:0.001000s ]
INFO: Run Behavior\CheckLangBehavior [ RunTime:0.000000s ]
INFO: [ app_begin ] --END-- [ RunTime:0.001000s ]
NOTIC: [8] Undefined variable: cjnowtime E:\SSC\kj\app\Caiji\Controller\XitongController.class.php 第 458 行.

[ 2019-03-31T01:30:27+08:00 ] 127.0.0.1 /Caiji.Xitong.xtssc.name.dfssc
INFO: [ app_init ] --START--
INFO: Run Behavior\BuildLiteBehavior [ RunTime:0.000000s ]
INFO: [ app_init ] --END-- [ RunTime:0.000000s ]
INFO: [ app_begin ] --START--
INFO: Run Behavior\ReadHtmlCacheBehavior [ RunTime:0.000000s ]
INFO: Run Behavior\CheckLangBehavior [ RunTime:0.001000s ]
INFO: [ app_begin ] --END-- [ RunTime:0.001000s ]

[ 2019-03-31T01:30:28+08:00 ] 127.0.0.1 /Caiji.Xitong.xtk3.name.f1k3
INFO: [ app_init ] --START--
INFO: Run Behavior\BuildLiteBehavior [ RunTime:0.000000s ]
INFO: [ app_init ] --END-- [ RunTime:0.001000s ]
INFO: [ app_begin ] --START--
INFO: Run Behavior\ReadHtmlCacheBehavior [ RunTime:0.001000s ]
INFO: Run Behavior\CheckLangBehavior [ RunTime:0.000000s ]
INFO: [ app_begin ] --END-- [ RunTime:0.001000s ]
NOTIC: [8] Undefined variable: cjnowtime E:\SSC\kj\app\Caiji\Controller\XitongController.class.php 第 209 行.

[ 2019-03-31T01:30:28+08:00 ] 127.0.0.1 /Caiji.Xitong.xtk3.name.f5k3
INFO: [ app_init ] --START--
INFO: Run Behavior\BuildLiteBehavior [ RunTime:0.000000s ]
INFO: [ app_init ] --END-- [ RunTime:0.001000s ]
INFO: [ app_begin ] --START--
INFO: Run Behavior\ReadHtmlCacheBehavior [ RunTime:0.000000s ]
INFO: Run Behavior\CheckLangBehavior [ RunTime:0.001000s ]
INFO: [ app_begin ] --END-- [ RunTime:0.001000s ]
NOTIC: [8] Undefined variable: cjnowtime E:\SSC\kj\app\Caiji\Controller\XitongController.class.php 第 209 行.

[ 2019-03-31T01:30:33+08:00 ] 127.0.0.1 /Caiji.Xitong.xt11x5.name.df11x5
INFO: [ app_init ] --START--
INFO: Run Behavior\BuildLiteBehavior [ RunTime:0.000000s ]
INFO: [ app_init ] --END-- [ RunTime:0.001000s ]
INFO: [ app_begin ] --START--
INFO: Run Behavior\ReadHtmlCacheBehavior [ RunTime:0.001000s ]
INFO: Run Behavior\CheckLangBehavior [ RunTime:0.001000s ]
INFO: [ app_begin ] --END-- [ RunTime:0.002000s ]
NOTIC: [8] Undefined variable: jj E:\SSC\kj\app\Caiji\Controller\XitongController.class.php 第 383 行.
NOTIC: [8] Undefined variable: jj E:\SSC\kj\app\Caiji\Controller\XitongController.class.php 第 384 行.

[ 2019-03-31T01:30:33+08:00 ] 127.0.0.1 /Caiji.Xitong.xt3d.name.df3d
INFO: [ app_init ] --START--
INFO: Run Behavior\BuildLiteBehavior [ RunTime:0.000000s ]
INFO: [ app_init ] --END-- [ RunTime:0.001000s ]
INFO: [ app_begin ] --START--
INFO: Run Behavior\ReadHtmlCacheBehavior [ RunTime:0.001000s ]
INFO: Run Behavior\CheckLangBehavior [ RunTime:0.000000s ]
INFO: [ app_begin ] --END-- [ RunTime:0.001000s ]
NOTIC: [8] Undefined variable: jj E:\SSC\kj\app\Caiji\Controller\XitongController.class.php 第 300 行.
NOTIC: [8] Undefined variable: jj E:\SSC\kj\app\Caiji\Controller\XitongController.class.php 第 301 行.

[ 2019-03-31T01:30:33+08:00 ] 127.0.0.1 /Caiji.Xitong.xtkeno.name.dfkeno
INFO: [ app_init ] --START--
INFO: Run Behavior\BuildLiteBehavior [ RunTime:0.000000s ]
INFO: [ app_init ] --END-- [ RunTime:0.000000s ]
INFO: [ app_begin ] --START--
INFO: Run Behavior\ReadHtmlCacheBehavior [ RunTime:0.001000s ]
INFO: Run Behavior\CheckLangBehavior [ RunTime:0.000000s ]
INFO: [ app_begin ] --END-- [ RunTime:0.001000s ]
NOTIC: [8] Undefined variable: jj E:\SSC\kj\app\Caiji\Controller\XitongController.class.php 第 660 行.
NOTIC: [8] Undefined variable: jj E:\SSC\kj\app\Caiji\Controller\XitongController.class.php 第 661 行.

[ 2019-03-31T01:30:33+08:00 ] 127.0.0.1 /Caiji.Xitong.dflhc.name.dflhc
INFO: [ app_init ] --START--
INFO: Run Behavior\BuildLiteBehavior [ RunTime:0.000000s ]
INFO: [ app_init ] --END-- [ RunTime:0.000000s ]
INFO: [ app_begin ] --START--
INFO: Run Behavior\ReadHtmlCacheBehavior [ RunTime:0.001000s ]
INFO: Run Behavior\CheckLangBehavior [ RunTime:0.000000s ]
INFO: [ app_begin ] --END-- [ RunTime:0.001000s ]
NOTIC: [8] Undefined variable: cjnowtime E:\SSC\kj\app\Caiji\Controller\XitongController.class.php 第 558 行.

[ 2019-03-31T01:30:33+08:00 ] 127.0.0.1 /Caiji.Xitong.xtpk10.name.dfpk10
INFO: [ app_init ] --START--
INFO: Run Behavior\BuildLiteBehavior [ RunTime:0.000000s ]
INFO: [ app_init ] --END-- [ RunTime:0.001000s ]
INFO: [ app_begin ] --START--
INFO: Run Behavior\ReadHtmlCacheBehavior [ RunTime:0.001000s ]
INFO: Run Behavior\CheckLangBehavior [ RunTime:0.000000s ]
INFO: [ app_begin ] --END-- [ RunTime:0.001000s ]
NOTIC: [8] Undefined variable: cjnowtime E:\SSC\kj\app\Caiji\Controller\XitongController.class.php 第 458 行.

[ 2019-03-31T01:30:33+08:00 ] 127.0.0.1 /Caiji.Xitong.xtssc.name.dfssc
INFO: [ app_init ] --START--
INFO: Run Behavior\BuildLiteBehavior [ RunTime:0.000000s ]
INFO: [ app_init ] --END-- [ RunTime:0.001000s ]
INFO: [ app_begin ] --START--
INFO: Run Behavior\ReadHtmlCacheBehavior [ RunTime:0.000000s ]
INFO: Run Behavior\CheckLangBehavior [ RunTime:0.001000s ]
INFO: [ app_begin ] --END-- [ RunTime:0.001000s ]

[ 2019-03-31T01:30:33+08:00 ] 127.0.0.1 /Caiji.Xitong.xtk3.name.f1k3
INFO: [ app_init ] --START--
INFO: Run Behavior\BuildLiteBehavior [ RunTime:0.000000s ]
INFO: [ app_init ] --END-- [ RunTime:0.001000s ]
INFO: [ app_begin ] --START--
INFO: Run Behavior\ReadHtmlCacheBehavior [ RunTime:0.000000s ]
INFO: Run Behavior\CheckLangBehavior [ RunTime:0.001000s ]
INFO: [ app_begin ] --END-- [ RunTime:0.001000s ]
NOTIC: [8] Undefined variable: cjnowtime E:\SSC\kj\app\Caiji\Controller\XitongController.class.php 第 209 行.

[ 2019-03-31T01:30:34+08:00 ] 127.0.0.1 /Caiji.Xitong.xtk3.name.f5k3
INFO: [ app_init ] --START--
INFO: Run Behavior\BuildLiteBehavior [ RunTime:0.000000s ]
INFO: [ app_init ] --END-- [ RunTime:0.000000s ]
INFO: [ app_begin ] --START--
INFO: Run Behavior\ReadHtmlCacheBehavior [ RunTime:0.000000s ]
INFO: Run Behavior\CheckLangBehavior [ RunTime:0.001000s ]
INFO: [ app_begin ] --END-- [ RunTime:0.001000s ]
NOTIC: [8] Undefined variable: cjnowtime E:\SSC\kj\app\Caiji\Controller\XitongController.class.php 第 209 行.

